<?xml version="1.0" encoding="UTF-8"?>
<!-- Generated by org.testng.reporters.JUnitReportReporter -->
<testsuite skipped="0" hostname="DESKTOP-1MVQSR6" name="TestPlan" tests="2" failures="0" timestamp="13 Jan 2023 06:06:16 GMT" time="77.987" errors="0">
  <testcase name="VerifyPageTitle" time="59.095" classname="TestPlan"/>
  <testcase name="CheckOut" time="18.892" classname="TestPlan"/>
</testsuite> <!-- TestPlan -->
