<?xml version="1.0" encoding="UTF-8"?>
<!-- Generated by org.testng.reporters.JUnitReportReporter -->
<testsuite skipped="0" hostname="DESKTOP-1MVQSR6" name="TestSelenium" tests="1" failures="0" timestamp="04 Jan 2023 13:43:33 GMT" time="188.053" errors="0">
  <testcase name="CheckOut" time="188.053" classname="TestSelenium"/>
</testsuite> <!-- TestSelenium -->
